2018-02-15 09:35:20,394 - DEBUG - models_server - presence - send presence
2018-02-15 09:36:09,942 - DEBUG - models_server - presence - send presence
2018-02-15 09:36:11,546 - WARNING - models_server - read - client logout 404 ('127.0.0.1', 54505)
2018-02-15 09:36:11,546 - DEBUG - models_server - read - Client pilik logout
2018-02-15 09:53:55,112 - DEBUG - models_server - presence - send presence
2018-02-15 09:54:03,195 - DEBUG - models_server - presence - send presence
2018-02-15 10:03:29,385 - DEBUG - models_server - presence - send presence
2018-02-15 10:03:33,666 - DEBUG - models_server - presence - send presence
2018-02-15 10:03:45,898 - WARNING - models_server - read - client logout 524 ('127.0.0.1', 54812)
2018-02-15 10:06:52,608 - DEBUG - models_server - presence - send presence
2018-02-15 10:06:54,053 - DEBUG - models_server - presence - send presence
2018-02-15 10:06:58,264 - WARNING - models_server - read - client logout 340 ('127.0.0.1', 54820)
2018-02-15 10:06:58,264 - DEBUG - models_server - read - Client pilik logout
2018-02-15 10:07:05,859 - DEBUG - models_server - presence - send presence
2018-02-15 10:07:14,078 - WARNING - models_server - read - client logout 512 ('127.0.0.1', 54821)
2018-02-15 10:07:14,078 - DEBUG - models_server - read - Client pilik1 logout
2018-02-15 10:07:21,808 - DEBUG - models_server - presence - send error 409
2018-02-15 10:07:26,757 - DEBUG - models_server - presence - send presence
2018-02-15 10:13:26,567 - INFO - models - add_user - User pilik login
2018-02-15 10:13:28,838 - INFO - models - add_user - User pilik1 login
2018-02-15 10:13:37,661 - WARNING - models_server - read - client logout 412 ('127.0.0.1', 54853)
2018-02-15 10:13:37,661 - INFO - models - del_user - User pilik logout
2018-02-15 10:13:47,530 - INFO - models - add_user - User pilik login
2018-02-15 10:13:54,547 - WARNING - models_server - read - client logout 520 ('127.0.0.1', 54855)
2018-02-15 10:13:54,547 - INFO - models - del_user - User pilik logout
2018-02-15 10:14:02,848 - INFO - models - add_user - User pilik login
2018-02-15 10:14:05,455 - WARNING - models_server - read - client logout 524 ('127.0.0.1', 54854)
2018-02-15 10:14:05,455 - INFO - models - del_user - User pilik1 logout
2018-02-15 10:14:06,685 - INFO - models - add_user - User pilik1 login
2018-02-15 10:14:25,533 - WARNING - models_server - read - client logout 412 ('127.0.0.1', 54857)
2018-02-15 10:14:25,533 - INFO - models - del_user - User pilik1 logout
2018-02-15 10:16:34,709 - INFO - models - add_user - User pilik1 login
2018-02-15 10:16:36,915 - WARNING - models_server - read - client logout 520 ('127.0.0.1', 54863)
2018-02-15 10:16:36,915 - INFO - models - del_user - User pilik1 logout
2018-02-15 10:16:38,216 - INFO - models - add_user - User pilik1 login
2018-02-15 10:16:40,822 - WARNING - models_server - read - client logout 512 ('127.0.0.1', 54864)
2018-02-15 10:16:40,822 - INFO - models - del_user - User pilik1 logout
2018-02-15 10:16:40,897 - INFO - models - add_user - User pilik1 login
2018-02-15 10:16:44,307 - WARNING - models_server - read - client logout 412 ('127.0.0.1', 54865)
2018-02-15 10:16:44,307 - INFO - models - del_user - User pilik1 logout
2018-02-15 10:18:23,963 - INFO - models - add_user - User pilik login
2018-02-15 10:18:26,569 - INFO - models - del_user - User pilik logout
2018-02-15 10:18:29,782 - INFO - models - add_user - User pilik login
2018-02-15 10:18:31,641 - INFO - models - add_user - User pilik1 login
2018-02-15 10:18:38,861 - INFO - models - del_user - User pilik1 logout
2018-02-15 10:18:42,270 - INFO - models - del_user - User pilik logout
2018-02-15 10:18:43,777 - INFO - models - add_user - User pilik login
2018-02-15 10:18:49,149 - INFO - models - add_user - User pilik1 login
2018-02-15 10:18:52,759 - INFO - models - del_user - User pilik logout
2018-02-15 10:18:52,893 - INFO - models - add_user - User pilik login
2018-02-15 10:19:00,514 - INFO - models - del_user - User pilik logout
2018-02-15 10:19:01,716 - INFO - models - del_user - User pilik1 logout
2018-02-15 13:22:59,544 - INFO - models - add_user - User pilik login
2018-02-15 13:24:27,974 - INFO - models - del_user - User pilik logout
2018-02-15 13:24:28,029 - INFO - models - add_user - User pilik login
2018-02-15 13:25:56,463 - INFO - models - del_user - User pilik logout
2018-02-15 13:25:56,510 - INFO - models - add_user - User pilik login
2018-02-15 13:26:49,006 - INFO - models - add_user - User pilik login
2018-02-15 13:27:49,307 - INFO - models - add_user - User pilik1 login
2018-02-15 13:28:43,045 - INFO - models - del_user - User pilik1 logout
2018-02-15 13:28:54,984 - INFO - models - add_user - User pilik1 login
2018-02-15 13:35:34,135 - INFO - models - add_user - User pilik login
2018-02-15 13:35:37,746 - INFO - models - add_user - User pilik1 login
2018-02-15 13:36:41,493 - INFO - models - del_user - User pilik1 logout
2018-02-15 13:36:41,551 - INFO - models - add_user - User pilik1 login
2018-02-15 13:37:10,018 - INFO - models - del_user - User pilik1 logout
2018-02-15 13:37:10,043 - INFO - models - add_user - User pilik1 login
2018-02-15 13:38:12,388 - DEBUG - models_server - presence - send error 409
2018-02-15 13:38:12,389 - INFO - models - del_user - User pilik1 logout
2018-02-15 13:38:15,035 - INFO - models - add_user - User pilik1 login
2018-02-15 13:38:17,241 - INFO - models - del_user - User pilik1 logout
2018-02-15 13:38:17,364 - INFO - models - add_user - User pilik1 login
2018-02-15 13:38:18,166 - INFO - models - del_user - User pilik1 logout
2018-02-15 13:38:18,211 - INFO - models - add_user - User pilik1 login
2018-02-15 13:38:20,602 - DEBUG - models_server - presence - send error 409
2018-02-15 13:38:20,602 - INFO - models - del_user - User pilik1 logout
2018-02-15 13:38:23,430 - INFO - models - add_user - User pilik1 login
2018-02-15 13:38:34,455 - INFO - models - del_user - User pilik logout
2018-02-15 13:38:35,658 - INFO - models - del_user - User pilik1 logout
2018-02-15 13:38:37,348 - INFO - models - add_user - User pilik login
2018-02-15 13:38:39,031 - INFO - models - add_user - User pilik1 login
2018-02-15 13:39:00,288 - INFO - models - del_user - User pilik1 logout
2018-02-15 13:39:00,330 - INFO - models - add_user - User pilik1 login
2018-02-15 13:40:56,027 - INFO - models - del_user - User pilik1 logout
2018-02-15 13:40:56,176 - INFO - models - add_user - User pilik1 login
2018-02-15 13:41:08,539 - DEBUG - models_server - presence - send error 409
2018-02-15 13:41:10,675 - DEBUG - models_server - presence - send error 409
2018-02-15 13:41:15,354 - INFO - models - add_user - User pilik login
2018-02-15 13:41:15,755 - INFO - models - del_user - User pilik logout
2018-02-15 13:41:15,774 - INFO - models - add_user - User pilik login
2018-02-15 13:41:17,439 - INFO - models - add_user - User pilik1 login
2018-02-15 13:41:57,949 - INFO - models - del_user - User pilik logout
2018-02-15 13:41:58,066 - INFO - models - add_user - User pilik login
2018-02-15 13:42:14,113 - INFO - models - del_user - User pilik1 logout
2018-02-15 13:42:14,203 - INFO - models - add_user - User pilik1 login
2018-02-15 13:42:59,106 - DEBUG - models_server - presence - send error 409
2018-02-15 13:42:59,106 - INFO - models - del_user - User pilik1 logout
2018-02-15 13:43:00,640 - INFO - models - add_user - User pilik1 login
2018-02-15 13:43:52,373 - INFO - models - del_user - User pilik1 logout
2018-02-15 13:43:52,427 - INFO - models - add_user - User pilik1 login
2018-02-15 13:44:21,316 - DEBUG - models_server - presence - send error 409
2018-02-15 13:44:23,631 - DEBUG - models_server - presence - send error 409
2018-02-15 13:44:28,135 - INFO - models - add_user - User pilik login
2018-02-15 13:44:30,004 - INFO - models - add_user - User pilik1 login
2018-02-15 13:44:44,913 - INFO - models - add_user - User pilik login
2018-02-15 13:44:48,050 - INFO - models - add_user - User pilik1 login
2018-02-15 13:45:09,844 - INFO - models - add_user - User pilik login
2018-02-15 13:45:12,950 - INFO - models - add_user - User pilik1 login
2018-02-15 13:45:57,657 - DEBUG - models_server - presence - send error 409
2018-02-15 13:46:01,449 - INFO - models - add_user - User pilik login
2018-02-15 13:46:03,192 - INFO - models - add_user - User pilik1 login
2018-02-15 13:46:11,479 - DEBUG - models_server - presence - send error 409
2018-02-15 13:46:15,066 - INFO - models - add_user - User pilik login
2018-02-15 13:46:16,490 - INFO - models - add_user - User pilik1 login
2018-02-15 13:48:42,632 - DEBUG - models_server - presence - send error 409
2018-02-15 13:48:42,632 - INFO - models - del_user - User pilik logout
2018-02-15 13:48:45,129 - INFO - models - add_user - User pilik login
2018-02-15 13:49:30,463 - DEBUG - models_server - presence - send error 409
2018-02-15 13:49:32,160 - DEBUG - models_server - presence - send error 409
2018-02-15 13:49:36,355 - INFO - models - add_user - User pilik login
2018-02-15 13:52:13,158 - INFO - models - add_user - User pilik login
2018-02-15 13:52:51,261 - INFO - models - del_user - User pilik logout
2018-02-15 13:52:51,479 - INFO - models - add_user - User pilik login
2018-02-15 13:54:19,842 - INFO - models - add_user - User pilik1 login
2018-02-15 13:54:41,900 - INFO - models - del_user - User pilik1 logout
2018-02-15 13:54:42,511 - INFO - models - add_user - User pilik1 login
2018-02-15 13:55:30,612 - DEBUG - models_server - presence - send error 409
2018-02-15 13:55:30,613 - INFO - models - del_user - User pilik logout
2018-02-15 13:55:34,288 - INFO - models - add_user - User pilik login
2018-02-15 13:55:35,985 - INFO - models - add_user - User pilik1 login
2018-02-15 13:55:50,621 - INFO - models - del_user - User pilik logout
2018-02-15 13:55:50,689 - INFO - models - add_user - User pilik login
2018-02-15 13:56:00,229 - INFO - models - add_user - User pilik login
2018-02-15 13:58:13,363 - INFO - models - del_user - User pilik logout
2018-02-15 13:58:13,425 - INFO - models - add_user - User pilik login
2018-02-15 13:58:43,981 - DEBUG - models_server - presence - send error 409
2018-02-15 13:58:47,688 - INFO - models - add_user - User pilik login
2018-02-15 13:59:03,460 - INFO - models - add_user - User pilik1 login
2018-02-15 14:11:33,068 - INFO - models - add_user - User pilik login
2018-02-15 14:11:40,488 - INFO - models - del_user - User pilik logout
2018-02-15 14:12:03,864 - INFO - models - add_user - User pilik login
2018-02-15 14:12:07,320 - INFO - models - add_user - User pilik login
2018-02-15 14:13:32,699 - DEBUG - models_server - presence - send error 409
2018-02-15 14:13:36,416 - INFO - models - add_user - User pilik login
2018-02-15 14:13:50,000 - DEBUG - models_server - presence - send error 409
2018-02-15 14:13:53,608 - INFO - models - add_user - User pilik login
2018-02-15 14:14:04,038 - INFO - models - del_user - User pilik logout
2018-02-15 14:14:04,145 - INFO - models - add_user - User pilik login
2018-02-15 14:14:06,336 - DEBUG - models_server - presence - send error 409
2018-02-15 14:14:06,336 - INFO - models - del_user - User pilik logout
2018-02-15 14:14:07,594 - INFO - models - add_user - User pilik login
2018-02-15 14:14:53,605 - INFO - models - add_user - User pilik1 login
2018-02-15 14:21:36,187 - INFO - models - add_user - User pilik0 login
2018-02-15 14:21:36,188 - INFO - models - add_user - User pilik1 login
2018-02-15 14:22:00,645 - INFO - models - del_user - User pilik0 logout
2018-02-15 14:22:00,645 - INFO - models - del_user - User pilik1 logout
2018-02-15 14:22:12,832 - INFO - models - add_user - User pilik1 login
2018-02-15 14:22:12,844 - INFO - models - add_user - User pilik0 login
2018-02-15 14:26:47,254 - INFO - models - add_user - User pilik1 login
2018-02-15 14:26:47,256 - INFO - models - add_user - User pilik0 login
2018-02-15 14:27:58,023 - INFO - models - del_user - User pilik1 logout
2018-02-15 14:27:58,024 - INFO - models - del_user - User pilik0 logout
2018-02-15 14:31:09,842 - INFO - models - add_user - User pilik1 login
2018-02-15 14:31:09,862 - INFO - models - add_user - User pilik0 login
2018-02-15 14:31:12,067 - INFO - models - del_user - User pilik1 logout
2018-02-15 14:31:12,068 - INFO - models - del_user - User pilik0 logout
2018-02-15 14:34:40,963 - INFO - models - add_user - User pilik0 login
2018-02-15 14:34:40,969 - INFO - models - add_user - User pilik1 login
2018-02-15 14:35:26,537 - INFO - models - add_user - User pilik login
2018-02-15 14:36:03,745 - INFO - models - add_user - User pilik login
2018-02-15 14:38:43,043 - INFO - models - add_user - User pilik login
2018-02-15 14:43:51,469 - INFO - models - add_user - User pilik login
2018-02-15 14:44:03,099 - INFO - models - del_user - User pilik logout
2018-02-15 14:46:00,873 - INFO - models - add_user - User pilik1 login
2018-02-15 14:46:00,891 - INFO - models - add_user - User pilik0 login
2018-02-15 14:46:48,617 - INFO - models - del_user - User pilik1 logout
2018-02-15 14:46:48,617 - INFO - models - del_user - User pilik0 logout
2018-02-15 14:51:16,024 - INFO - models - add_user - User pilik0 login
2018-02-15 14:51:16,043 - INFO - models - add_user - User pilik1 login
2018-02-15 14:52:06,177 - INFO - models - del_user - User pilik0 logout
2018-02-15 14:52:06,177 - INFO - models - del_user - User pilik1 logout
2018-02-15 14:53:02,357 - INFO - models - add_user - User pilik0 login
2018-02-15 14:53:02,358 - INFO - models - add_user - User pilik1 login
2018-02-15 14:59:41,747 - INFO - models - add_user - User pilik1 login
2018-02-15 14:59:41,776 - INFO - models - add_user - User pilik0 login
2018-02-15 15:00:34,917 - INFO - models - del_user - User pilik1 logout
2018-02-15 15:00:34,917 - INFO - models - del_user - User pilik0 logout
2018-02-15 15:03:18,737 - INFO - models - add_user - User pilik0 login
2018-02-15 15:03:18,738 - INFO - models - add_user - User pilik1 login
2018-02-15 15:04:58,268 - INFO - models - add_user - User pilik0 login
2018-02-15 15:04:58,277 - INFO - models - add_user - User pilik1 login
2018-02-15 15:05:55,827 - INFO - models - del_user - User pilik0 logout
2018-02-15 15:05:55,827 - INFO - models - del_user - User pilik1 logout
2018-02-15 15:20:56,305 - INFO - models - add_user - User pilik0 login
2018-02-15 15:20:56,386 - INFO - models - add_user - User pilik1 login
2018-02-15 15:21:40,718 - INFO - models - del_user - User pilik0 logout
2018-02-15 15:21:40,718 - INFO - models - del_user - User pilik1 logout
